# JRE version: OpenJDK Runtime Environment (8.0_242-b01) (build 1.8.0_242-release-1644-b01)
# Java VM: OpenJDK 64-Bit Server VM (25.242-b01 mixed mode windows-amd64 compressed oops)
Heap:
 PSYoungGen      total 428032K, used 90259K [0x00000000e0000000, 0x0000000100000000, 0x0000000100000000)
  eden space 353280K, 16% used [0x00000000e0000000,0x00000000e397a9e0,0x00000000f5900000)
  from space 74752K, 42% used [0x00000000fb700000,0x00000000fd5aa448,0x0000000100000000)
  to   space 85504K, 0% used [0x00000000f5900000,0x00000000f5900000,0x00000000fac80000)
 ParOldGen       total 1018368K, used 817395K [0x00000000a0000000, 0x00000000de280000, 0x00000000e0000000)
  object space 1018368K, 80% used [0x00000000a0000000,0x00000000d1e3cc38,0x00000000de280000)
 Metaspace       used 434012K, capacity 465010K, committed 465240K, reserved 1454080K
  class space    used 55525K, capacity 61236K, committed 61312K, reserved 1048576K
GC Heap History (10 events):
Event: 32685.431 GC heap before
{Heap before GC invocations=207 (full 18):
 PSYoungGen      total 448512K, used 420388K [0x00000000e0000000, 0x00000000ffe80000, 0x0000000100000000)
  eden space 377344K, 100% used [0x00000000e0000000,0x00000000f7080000,0x00000000f7080000)
  from space 71168K, 60% used [0x00000000fb680000,0x00000000fe0893d8,0x00000000ffc00000)
  to   space 71680K, 0% used [0x00000000f7080000,0x00000000f7080000,0x00000000fb680000)
 ParOldGen       total 823808K, used 713811K [0x00000000a0000000, 0x00000000d2480000, 0x00000000e0000000)
  object space 823808K, 86% used [0x00000000a0000000,0x00000000cb914d08,0x00000000d2480000)
 Metaspace       used 432875K, capacity 463838K, committed 464088K, reserved 1452032K
  class space    used 55395K, capacity 61080K, committed 61184K, reserved 1048576K
Event: 32685.562 GC heap after
Heap after GC invocations=207 (full 18):
 PSYoungGen      total 449024K, used 17160K [0x00000000e0000000, 0x00000000ffd80000, 0x0000000100000000)
  eden space 377344K, 0% used [0x00000000e0000000,0x00000000e0000000,0x00000000f7080000)
  from space 71680K, 23% used [0x00000000f7080000,0x00000000f8142350,0x00000000fb680000)
  to   space 70144K, 0% used [0x00000000fb900000,0x00000000fb900000,0x00000000ffd80000)
 ParOldGen       total 823808K, used 739370K [0x00000000a0000000, 0x00000000d2480000, 0x00000000e0000000)
  object space 823808K, 89% used [0x00000000a0000000,0x00000000cd20ab48,0x00000000d2480000)
 Metaspace       used 432875K, capacity 463838K, committed 464088K, reserved 1452032K
  class space    used 55395K, capacity 61080K, committed 61184K, reserved 1048576K
}
Event: 32696.902 GC heap before
{Heap before GC invocations=208 (full 18):
 PSYoungGen      total 449024K, used 394502K [0x00000000e0000000, 0x00000000ffd80000, 0x0000000100000000)
  eden space 377344K, 99% used [0x00000000e0000000,0x00000000f707f678,0x00000000f7080000)
  from space 71680K, 23% used [0x00000000f7080000,0x00000000f8142350,0x00000000fb680000)
  to   space 70144K, 0% used [0x00000000fb900000,0x00000000fb900000,0x00000000ffd80000)
 ParOldGen       total 823808K, used 739370K [0x00000000a0000000, 0x00000000d2480000, 0x00000000e0000000)
  object space 823808K, 89% used [0x00000000a0000000,0x00000000cd20ab48,0x00000000d2480000)
 Metaspace       used 432895K, capacity 463844K, committed 464088K, reserved 1452032K
  class space    used 55396K, capacity 61081K, committed 61184K, reserved 1048576K
Event: 32696.930 GC heap after
Heap after GC invocations=208 (full 18):
 PSYoungGen      total 447488K, used 26323K [0x00000000e0000000, 0x00000000ff880000, 0x0000000100000000)
  eden space 382464K, 0% used [0x00000000e0000000,0x00000000e0000000,0x00000000f7580000)
  from space 65024K, 40% used [0x00000000fb900000,0x00000000fd2b4da0,0x00000000ff880000)
  to   space 67072K, 0% used [0x00000000f7580000,0x00000000f7580000,0x00000000fb700000)
 ParOldGen       total 823808K, used 742813K [0x00000000a0000000, 0x00000000d2480000, 0x00000000e0000000)
  object space 823808K, 90% used [0x00000000a0000000,0x00000000cd567768,0x00000000d2480000)
 Metaspace       used 432895K, capacity 463844K, committed 464088K, reserved 1452032K
  class space    used 55396K, capacity 61081K, committed 61184K, reserved 1048576K
}
Event: 32709.538 GC heap before
{Heap before GC invocations=209 (full 18):
 PSYoungGen      total 447488K, used 408787K [0x00000000e0000000, 0x00000000ff880000, 0x0000000100000000)
  eden space 382464K, 100% used [0x00000000e0000000,0x00000000f7580000,0x00000000f7580000)
  from space 65024K, 40% used [0x00000000fb900000,0x00000000fd2b4da0,0x00000000ff880000)
  to   space 67072K, 0% used [0x00000000f7580000,0x00000000f7580000,0x00000000fb700000)
 ParOldGen       total 823808K, used 742813K [0x00000000a0000000, 0x00000000d2480000, 0x00000000e0000000)
  object space 823808K, 90% used [0x00000000a0000000,0x00000000cd567768,0x00000000d2480000)
 Metaspace       used 432933K, capacity 463908K, committed 464088K, reserved 1452032K
  class space    used 55396K, capacity 61081K, committed 61184K, reserved 1048576K
Event: 32711.989 GC heap after
Heap after GC invocations=209 (full 18):
 PSYoungGen      total 449536K, used 67056K [0x00000000e0000000, 0x0000000100000000, 0x0000000100000000)
  eden space 382464K, 0% used [0x00000000e0000000,0x00000000e0000000,0x00000000f7580000)
  from space 67072K, 99% used [0x00000000f7580000,0x00000000fb6fc3d0,0x00000000fb700000)
  to   space 74752K, 0% used [0x00000000fb700000,0x00000000fb700000,0x0000000100000000)
 ParOldGen       total 823808K, used 776572K [0x00000000a0000000, 0x00000000d2480000, 0x00000000e0000000)
  object space 823808K, 94% used [0x00000000a0000000,0x00000000cf65f0c0,0x00000000d2480000)
 Metaspace       used 432933K, capacity 463908K, committed 464088K, reserved 1452032K
  class space    used 55396K, capacity 61081K, committed 61184K, reserved 1048576K
}
Event: 32711.989 GC heap before
{Heap before GC invocations=210 (full 19):
 PSYoungGen      total 449536K, used 67056K [0x00000000e0000000, 0x0000000100000000, 0x0000000100000000)
  eden space 382464K, 0% used [0x00000000e0000000,0x00000000e0000000,0x00000000f7580000)
  from space 67072K, 99% used [0x00000000f7580000,0x00000000fb6fc3d0,0x00000000fb700000)
  to   space 74752K, 0% used [0x00000000fb700000,0x00000000fb700000,0x0000000100000000)
 ParOldGen       total 823808K, used 776572K [0x00000000a0000000, 0x00000000d2480000, 0x00000000e0000000)
  object space 823808K, 94% used [0x00000000a0000000,0x00000000cf65f0c0,0x00000000d2480000)
 Metaspace       used 432933K, capacity 463908K, committed 464088K, reserved 1452032K
  class space    used 55396K, capacity 61081K, committed 61184K, reserved 1048576K
Event: 32722.921 GC heap after
Heap after GC invocations=210 (full 19):
 PSYoungGen      total 449536K, used 0K [0x00000000e0000000, 0x0000000100000000, 0x0000000100000000)
  eden space 382464K, 0% used [0x00000000e0000000,0x00000000e0000000,0x00000000f7580000)
  from space 67072K, 0% used [0x00000000f7580000,0x00000000f7580000,0x00000000fb700000)
  to   space 74752K, 0% used [0x00000000fb700000,0x00000000fb700000,0x0000000100000000)
 ParOldGen       total 1018368K, used 817395K [0x00000000a0000000, 0x00000000de280000, 0x00000000e0000000)
  object space 1018368K, 80% used [0x00000000a0000000,0x00000000d1e3cc38,0x00000000de280000)
 Metaspace       used 432850K, capacity 463704K, committed 464088K, reserved 1452032K
  class space    used 55378K, capacity 61047K, committed 61184K, reserved 1048576K
}
Event: 33169.901 GC heap before
{Heap before GC invocations=211 (full 19):
 PSYoungGen      total 449536K, used 382464K [0x00000000e0000000, 0x0000000100000000, 0x0000000100000000)
  eden space 382464K, 100% used [0x00000000e0000000,0x00000000f7580000,0x00000000f7580000)
  from space 67072K, 0% used [0x00000000f7580000,0x00000000f7580000,0x00000000fb700000)
  to   space 74752K, 0% used [0x00000000fb700000,0x00000000fb700000,0x0000000100000000)
 ParOldGen       total 1018368K, used 817395K [0x00000000a0000000, 0x00000000de280000, 0x00000000e0000000)
  object space 1018368K, 80% used [0x00000000a0000000,0x00000000d1e3cc38,0x00000000de280000)
 Metaspace       used 433451K, capacity 464410K, committed 464600K, reserved 1452032K
  class space    used 55471K, capacity 61164K, committed 61184K, reserved 1048576K
Event: 33169.926 GC heap after
Heap after GC invocations=211 (full 19):
 PSYoungGen      total 428032K, used 31401K [0x00000000e0000000, 0x0000000100000000, 0x0000000100000000)
  eden space 353280K, 0% used [0x00000000e0000000,0x00000000e0000000,0x00000000f5900000)
  from space 74752K, 42% used [0x00000000fb700000,0x00000000fd5aa448,0x0000000100000000)
  to   space 85504K, 0% used [0x00000000f5900000,0x00000000f5900000,0x00000000fac80000)
 ParOldGen       total 1018368K, used 817395K [0x00000000a0000000, 0x00000000de280000, 0x00000000e0000000)
  object space 1018368K, 80% used [0x00000000a0000000,0x00000000d1e3cc38,0x00000000de280000)
 Metaspace       used 433451K, capacity 464410K, committed 464600K, reserved 1452032K
  class space    used 55471K, capacity 61164K, committed 61184K, reserved 1048576K
}

